<?xml version="1.0" encoding="UTF-8"?>
<!-- Generated by org.testng.reporters.JUnitReportReporter -->
<testsuite hostname="windows-server0" name="loginRunner" tests="1" failures="0" timestamp="9 Jan 2017 12:35:45 GMT" time="0.013" errors="0">
  <testcase name="feature" time="0.013" classname="loginRunner"/>
</testsuite> <!-- loginRunner -->
