<?xml version="1.0" encoding="UTF-8"?>
<!-- Generated by org.testng.reporters.JUnitReportReporter -->
<testsuite hostname="windows-server0" name="loginRunner" tests="1" failures="0" timestamp="9 Jan 2017 13:09:19 GMT" time="11.506" errors="0">
  <testcase name="feature" time="11.506" classname="loginRunner"/>
</testsuite> <!-- loginRunner -->
