<?xml version="1.0" encoding="UTF-8"?>
<!-- Generated by org.testng.reporters.JUnitReportReporter -->
<testsuite hostname="windows-server0" name="org.fundacion.cucumber.login.login.loginRunner" tests="1" failures="0" timestamp="9 Jan 2017 13:45:13 GMT" time="14.412" errors="0">
  <testcase name="feature" time="14.412" classname="org.fundacion.cucumber.login.login.loginRunner"/>
</testsuite> <!-- org.fundacion.cucumber.login.login.loginRunner -->
